[04 Abr 2019 17:32:27] Building database metadata model
[04 Abr 2019 17:32:27] Properties: {partialRefresh=false, processColumnsUsingSelect=, includePrimaryKeys=true, eventSocketClient=com.webratio.commons.net.EventSocketClient@1e9e5c73, includeTables=true, username=root, outputLogPath=/Users/gcsousa/WebRatio-Projects/BetESS/.Temp~/DB.xml.log, readIndexes=null, driverClass=com.mysql.jdbc.Driver, includeSynonyms=true, metaDataProviderClass=com.webratio.commons.db.metadata.MySQLMetaDataProvider, outputPath=/Users/gcsousa/WebRatio-Projects/BetESS/.Temp~/DB.xml, schemaRegex=null, readProcedures=null, includeViews=true, derby.system.home=/Users/gcsousa/WebRatio-Projects/.metadata/.plugins/com.webratio.commons.db/derby, url=jdbc:mysql://localhost:3306/BetWeb, tableRegex=null, readSQLDefinitions=true, includeForeignKeys=false, retrieveAllNames=false, tablesToRefresh=, eventSocketPort=51964}
[04 Abr 2019 17:32:27] URL: jdbc:mysql://localhost:3306/BetWeb
[04 Abr 2019 17:32:27] Product name: MySQL
[04 Abr 2019 17:32:27] Product version: 5.7.20
[04 Abr 2019 17:32:27] Driver name: MySQL Connector Java
[04 Abr 2019 17:32:27] Driver version: mysql-connector-java-5.1.31 ( Revision: alexander.soklakov@oracle.com-20140520065950-groqzzbvxprqdmnz )
[04 Abr 2019 17:32:27] Driver major version: 5
[04 Abr 2019 17:32:27] Driver minor version: 1
[04 Abr 2019 17:32:27] Identifier quote string: 1
[04 Abr 2019 17:32:27] Retrieving schemas
[04 Abr 2019 17:32:27] Retrieving [TABLE, VIEW, SYNONYM] for schema ''
[04 Abr 2019 17:32:27]   Found 'admin' [type = TABLE]
[04 Abr 2019 17:32:27]   Found 'aposta' [type = TABLE]
[04 Abr 2019 17:32:27]   Found 'aposta_evento' [type = TABLE]
[04 Abr 2019 17:32:27]   Found 'evento' [type = TABLE]
[04 Abr 2019 17:32:27]   Found 'evento_resultado' [type = TABLE]
[04 Abr 2019 17:32:27]   Found 'group' [type = TABLE]
[04 Abr 2019 17:32:27]   Found 'group_module' [type = TABLE]
[04 Abr 2019 17:32:27]   Found 'module' [type = TABLE]
[04 Abr 2019 17:32:27]   Found 'odd' [type = TABLE]
[04 Abr 2019 17:32:27]   Found 'resultado' [type = TABLE]
[04 Abr 2019 17:32:27]   Found 'user' [type = TABLE]
[04 Abr 2019 17:32:27]   Found 'user_group' [type = TABLE]
[04 Abr 2019 17:32:27]   Found 'utilizador' [type = TABLE]
[04 Abr 2019 17:32:27]   Found 'utilizadornormal' [type = TABLE]
[04 Abr 2019 17:32:27]   Found 'utilizadorpremium' [type = TABLE]
[04 Abr 2019 17:32:27] Retrieving columns for 'admin' [type = TABLE]
[04 Abr 2019 17:32:27]   Found column: email [type = VARCHAR][SQL/XOPEN type = 12][size = 255][dec. digits = 0]
[04 Abr 2019 17:32:27]   Found column: password [type = VARCHAR][SQL/XOPEN type = 12][size = 255][dec. digits = 0]
[04 Abr 2019 17:32:27] Retrieving primary keys for 'admin' [type = TABLE]
[04 Abr 2019 17:32:27]   Found primary key column: email
[04 Abr 2019 17:32:27] Retrieving columns for 'aposta' [type = TABLE]
[04 Abr 2019 17:32:27]   Found column: idaposta [type = INT][SQL/XOPEN type = 4][size = 10][dec. digits = 0]
[04 Abr 2019 17:32:27]   Found column: valor [type = DOUBLE][SQL/XOPEN type = 8][size = 22][dec. digits = 0]
[04 Abr 2019 17:32:27]   Found column: estado [type = VARCHAR][SQL/XOPEN type = 12][size = 255][dec. digits = 0]
[04 Abr 2019 17:32:27] Retrieving primary keys for 'aposta' [type = TABLE]
[04 Abr 2019 17:32:27]   Found primary key column: idaposta
[04 Abr 2019 17:32:27] Retrieving columns for 'aposta_evento' [type = TABLE]
[04 Abr 2019 17:32:27]   Found column: aposta_idaposta [type = INT][SQL/XOPEN type = 4][size = 10][dec. digits = 0]
[04 Abr 2019 17:32:27]   Found column: evento_idevento [type = INT][SQL/XOPEN type = 4][size = 10][dec. digits = 0]
[04 Abr 2019 17:32:27] Retrieving primary keys for 'aposta_evento' [type = TABLE]
[04 Abr 2019 17:32:27]   Found primary key column: aposta_idaposta
[04 Abr 2019 17:32:27]   Found primary key column: evento_idevento
[04 Abr 2019 17:32:27] Retrieving columns for 'evento' [type = TABLE]
[04 Abr 2019 17:32:27]   Found column: idevento [type = INT][SQL/XOPEN type = 4][size = 10][dec. digits = 0]
[04 Abr 2019 17:32:27]   Found column: estado [type = VARCHAR][SQL/XOPEN type = 12][size = 255][dec. digits = 0]
[04 Abr 2019 17:32:27]   Found column: resultado [type = VARCHAR][SQL/XOPEN type = 12][size = 255][dec. digits = 0]
[04 Abr 2019 17:32:27]   Found column: tipo [type = VARCHAR][SQL/XOPEN type = 12][size = 255][dec. digits = 0]
[04 Abr 2019 17:32:27]   Found column: diahora [type = DATE][SQL/XOPEN type = 91][size = 10][dec. digits = 0]
[04 Abr 2019 17:32:27] Retrieving primary keys for 'evento' [type = TABLE]
[04 Abr 2019 17:32:27]   Found primary key column: idevento
[04 Abr 2019 17:32:27] Retrieving columns for 'evento_resultado' [type = TABLE]
[04 Abr 2019 17:32:27]   Found column: evento_idevento [type = INT][SQL/XOPEN type = 4][size = 10][dec. digits = 0]
[04 Abr 2019 17:32:27]   Found column: resultado_idresultado [type = INT][SQL/XOPEN type = 4][size = 10][dec. digits = 0]
[04 Abr 2019 17:32:27] Retrieving primary keys for 'evento_resultado' [type = TABLE]
[04 Abr 2019 17:32:27]   Found primary key column: evento_idevento
[04 Abr 2019 17:32:27]   Found primary key column: resultado_idresultado
[04 Abr 2019 17:32:27] Retrieving columns for 'group' [type = TABLE]
[04 Abr 2019 17:32:27]   Found column: oid [type = INT][SQL/XOPEN type = 4][size = 10][dec. digits = 0]
[04 Abr 2019 17:32:27]   Found column: groupname [type = VARCHAR][SQL/XOPEN type = 12][size = 255][dec. digits = 0]
[04 Abr 2019 17:32:27]   Found column: module_oid [type = INT][SQL/XOPEN type = 4][size = 10][dec. digits = 0]
[04 Abr 2019 17:32:27] Retrieving primary keys for 'group' [type = TABLE]
[04 Abr 2019 17:32:27]   Found primary key column: oid
[04 Abr 2019 17:32:27] Retrieving columns for 'group_module' [type = TABLE]
[04 Abr 2019 17:32:27]   Found column: group_oid [type = INT][SQL/XOPEN type = 4][size = 10][dec. digits = 0]
[04 Abr 2019 17:32:27]   Found column: module_oid [type = INT][SQL/XOPEN type = 4][size = 10][dec. digits = 0]
[04 Abr 2019 17:32:27] Retrieving primary keys for 'group_module' [type = TABLE]
[04 Abr 2019 17:32:27]   Found primary key column: group_oid
[04 Abr 2019 17:32:27]   Found primary key column: module_oid
[04 Abr 2019 17:32:27] Retrieving columns for 'module' [type = TABLE]
[04 Abr 2019 17:32:27]   Found column: oid [type = INT][SQL/XOPEN type = 4][size = 10][dec. digits = 0]
[04 Abr 2019 17:32:27]   Found column: moduleid [type = VARCHAR][SQL/XOPEN type = 12][size = 255][dec. digits = 0]
[04 Abr 2019 17:32:27]   Found column: modulename [type = VARCHAR][SQL/XOPEN type = 12][size = 255][dec. digits = 0]
[04 Abr 2019 17:32:27] Retrieving primary keys for 'module' [type = TABLE]
[04 Abr 2019 17:32:27]   Found primary key column: oid
[04 Abr 2019 17:32:27] Retrieving columns for 'odd' [type = TABLE]
[04 Abr 2019 17:32:27]   Found column: idodd [type = INT][SQL/XOPEN type = 4][size = 10][dec. digits = 0]
[04 Abr 2019 17:32:27]   Found column: valor [type = DOUBLE][SQL/XOPEN type = 8][size = 22][dec. digits = 0]
[04 Abr 2019 17:32:27]   Found column: resultado_idresultado [type = INT][SQL/XOPEN type = 4][size = 10][dec. digits = 0]
[04 Abr 2019 17:32:27] Retrieving primary keys for 'odd' [type = TABLE]
[04 Abr 2019 17:32:27]   Found primary key column: idodd
[04 Abr 2019 17:32:27] Retrieving columns for 'resultado' [type = TABLE]
[04 Abr 2019 17:32:27]   Found column: idresultado [type = INT][SQL/XOPEN type = 4][size = 10][dec. digits = 0]
[04 Abr 2019 17:32:27]   Found column: designacao [type = VARCHAR][SQL/XOPEN type = 12][size = 255][dec. digits = 0]
[04 Abr 2019 17:32:27] Retrieving primary keys for 'resultado' [type = TABLE]
[04 Abr 2019 17:32:27]   Found primary key column: idresultado
[04 Abr 2019 17:32:27] Retrieving columns for 'user' [type = TABLE]
[04 Abr 2019 17:32:27]   Found column: oid [type = INT][SQL/XOPEN type = 4][size = 10][dec. digits = 0]
[04 Abr 2019 17:32:27]   Found column: username [type = VARCHAR][SQL/XOPEN type = 12][size = 255][dec. digits = 0]
[04 Abr 2019 17:32:27]   Found column: password [type = VARCHAR][SQL/XOPEN type = 12][size = 255][dec. digits = 0]
[04 Abr 2019 17:32:27]   Found column: email [type = VARCHAR][SQL/XOPEN type = 12][size = 255][dec. digits = 0]
[04 Abr 2019 17:32:27]   Found column: group_oid [type = INT][SQL/XOPEN type = 4][size = 10][dec. digits = 0]
[04 Abr 2019 17:32:27] Retrieving primary keys for 'user' [type = TABLE]
[04 Abr 2019 17:32:27]   Found primary key column: oid
[04 Abr 2019 17:32:27] Retrieving columns for 'user_group' [type = TABLE]
[04 Abr 2019 17:32:27]   Found column: user_oid [type = INT][SQL/XOPEN type = 4][size = 10][dec. digits = 0]
[04 Abr 2019 17:32:27]   Found column: group_oid [type = INT][SQL/XOPEN type = 4][size = 10][dec. digits = 0]
[04 Abr 2019 17:32:27] Retrieving primary keys for 'user_group' [type = TABLE]
[04 Abr 2019 17:32:27]   Found primary key column: user_oid
[04 Abr 2019 17:32:27]   Found primary key column: group_oid
[04 Abr 2019 17:32:27] Retrieving columns for 'utilizador' [type = TABLE]
[04 Abr 2019 17:32:27]   Found column: idutilizador [type = INT][SQL/XOPEN type = 4][size = 10][dec. digits = 0]
[04 Abr 2019 17:32:27]   Found column: email [type = VARCHAR][SQL/XOPEN type = 12][size = 255][dec. digits = 0]
[04 Abr 2019 17:32:27]   Found column: password [type = VARCHAR][SQL/XOPEN type = 12][size = 255][dec. digits = 0]
[04 Abr 2019 17:32:27]   Found column: nome [type = VARCHAR][SQL/XOPEN type = 12][size = 255][dec. digits = 0]
[04 Abr 2019 17:32:27]   Found column: tipo [type = VARCHAR][SQL/XOPEN type = 12][size = 255][dec. digits = 0]
[04 Abr 2019 17:32:27]   Found column: aposta_idaposta [type = INT][SQL/XOPEN type = 4][size = 10][dec. digits = 0]
[04 Abr 2019 17:32:27] Retrieving primary keys for 'utilizador' [type = TABLE]
[04 Abr 2019 17:32:27]   Found primary key column: idutilizador
[04 Abr 2019 17:32:27] Retrieving columns for 'utilizadornormal' [type = TABLE]
[04 Abr 2019 17:32:27]   Found column: nome [type = VARCHAR][SQL/XOPEN type = 12][size = 255][dec. digits = 0]
[04 Abr 2019 17:32:27]   Found column: esscoins [type = DOUBLE][SQL/XOPEN type = 8][size = 22][dec. digits = 0]
[04 Abr 2019 17:32:27]   Found column: utilizador_idutilizador [type = INT][SQL/XOPEN type = 4][size = 10][dec. digits = 0]
[04 Abr 2019 17:32:27] Retrieving primary keys for 'utilizadornormal' [type = TABLE]
[04 Abr 2019 17:32:27] Retrieving columns for 'utilizadorpremium' [type = TABLE]
[04 Abr 2019 17:32:27]   Found column: valorpago [type = DOUBLE][SQL/XOPEN type = 8][size = 22][dec. digits = 0]
[04 Abr 2019 17:32:27]   Found column: esscoins [type = DOUBLE][SQL/XOPEN type = 8][size = 22][dec. digits = 0]
[04 Abr 2019 17:32:27]   Found column: utilizador_idutilizador [type = INT][SQL/XOPEN type = 4][size = 10][dec. digits = 0]
[04 Abr 2019 17:32:27] Retrieving primary keys for 'utilizadorpremium' [type = TABLE]
[04 Abr 2019 17:32:27] Database metadata retrieved (77 ms)
[04 Abr 2019 17:32:27] Retrieving auto-increment columns for 'admin' [type = TABLE]
[04 Abr 2019 17:32:27] Retrieving auto-increment columns for 'aposta' [type = TABLE]
[04 Abr 2019 17:32:27] Retrieving auto-increment columns for 'aposta_evento' [type = TABLE]
[04 Abr 2019 17:32:27] Retrieving auto-increment columns for 'evento' [type = TABLE]
[04 Abr 2019 17:32:27] Retrieving auto-increment columns for 'evento_resultado' [type = TABLE]
[04 Abr 2019 17:32:27] Retrieving auto-increment columns for 'group' [type = TABLE]
[04 Abr 2019 17:32:27] Retrieving auto-increment columns for 'group_module' [type = TABLE]
[04 Abr 2019 17:32:27] Retrieving auto-increment columns for 'module' [type = TABLE]
[04 Abr 2019 17:32:27] Retrieving auto-increment columns for 'odd' [type = TABLE]
[04 Abr 2019 17:32:27] Retrieving auto-increment columns for 'resultado' [type = TABLE]
[04 Abr 2019 17:32:27] Retrieving auto-increment columns for 'user' [type = TABLE]
[04 Abr 2019 17:32:27] Retrieving auto-increment columns for 'user_group' [type = TABLE]
[04 Abr 2019 17:32:27] Retrieving auto-increment columns for 'utilizador' [type = TABLE]
[04 Abr 2019 17:32:27] Retrieving auto-increment columns for 'utilizadornormal' [type = TABLE]
[04 Abr 2019 17:32:27] Retrieving auto-increment columns for 'utilizadorpremium' [type = TABLE]
[04 Abr 2019 17:32:27] Database connection closed
