[17 Abr 2019 17:12:50] DEBUG Executing SQL script
[17 Abr 2019 17:12:50] INFO ================================================================================
[17 Abr 2019 17:12:50] INFO outputPath= '/Users/gcsousa/WebRatio-Projects/BetESS/.Temp~/UpdateSQL.xml'
[17 Abr 2019 17:12:50] INFO onError= 'stop'
[17 Abr 2019 17:12:50] INFO statementSeparator= ';'
[17 Abr 2019 17:12:50] INFO derby.system.home= '/Users/gcsousa/WebRatio-Projects/.metadata/.plugins/com.webratio.commons.db/derby'
[17 Abr 2019 17:12:50] INFO password= 'vacsmgcs1415'
[17 Abr 2019 17:12:50] INFO url= 'jdbc:mysql://localhost:3306/BetWeb'
[17 Abr 2019 17:12:50] INFO username= 'root'
[17 Abr 2019 17:12:50] INFO autoCommit= 'false'
[17 Abr 2019 17:12:50] INFO outputLogPath= '/Users/gcsousa/WebRatio-Projects/BetESS/.Temp~/UpdateSQL.xml.log'
[17 Abr 2019 17:12:50] INFO driverClass= 'com.mysql.jdbc.Driver'
[17 Abr 2019 17:12:50] INFO encoding= ''
[17 Abr 2019 17:12:50] INFO eventSocketPort= '52491'
[17 Abr 2019 17:12:50] INFO sqlScript= '/Users/gcsousa/WebRatio-Projects/BetESS/.Temp~/UpdateSQL.sql'
[17 Abr 2019 17:12:50] INFO ================================================================================
[17 Abr 2019 17:12:50] INFO Connecting to the Database...
[17 Abr 2019 17:12:50] INFO Database connection estabilished
[17 Abr 2019 17:12:50] INFO transaction isolation: 4
[17 Abr 2019 17:12:50] DEBUG ================================================================================
[17 Abr 2019 17:12:50] DEBUG Executing SQL script file: /Users/gcsousa/WebRatio-Projects/BetESS/.Temp~/UpdateSQL.sql
[17 Abr 2019 17:12:50] DEBUG Executing statement:  create table `group` ( `oid`  integer  not null, `groupname`  varchar(255), primary key (`oid`) )
[17 Abr 2019 17:12:50] DEBUG Executing statement:    create table `module` ( `oid`  integer  not null, `moduleid`  varchar(255), `modulename`  varchar(255), primary key (`oid`) )
[17 Abr 2019 17:12:50] DEBUG Executing statement:    create table `user` ( `email`  varchar(255)  not null, `password`  varchar(255), `nome`  varchar(255), `tipo`  varchar(255), primary key (`email`) )
[17 Abr 2019 17:12:50] DEBUG Executing statement:    create table `admin` ( `email`  varchar(255)  not null, `password`  varchar(255), primary key (`email`) )
[17 Abr 2019 17:12:50] DEBUG Executing statement:    create table `utilizador` ( `email`  varchar(255)  not null, `password`  varchar(255), `nome`  varchar(255), `tipo`  varchar(255), `esscoins`  double precision, `valorpago`  varchar(255), `ispremium`  integer, primary key (`email`) )
[17 Abr 2019 17:12:50] DEBUG Executing statement:    create table `aposta` ( `idaposta`  integer  not null, `valor`  double precision, `estado`  varchar(255), `utilizador_email`  varchar(255), `evento_idevento`  integer, `evento_resultado`  integer, primary key (`idaposta`) )
[17 Abr 2019 17:12:50] DEBUG Executing statement:    create table `evento` ( `idevento`  integer  not null, `estado`  integer, `diahora`  date, `categoria`  varchar(255), `equipa1`  varchar(255), `equipa2`  varchar(255), `odd1`  double precision, `odd2`  double precision, `oddempate`  double precision, `resultado`  integer, primary key (`idevento`) )
[17 Abr 2019 17:12:50] DEBUG Executing statement:    alter table `group`  add column  `module_oid`  integer
[17 Abr 2019 17:12:50] DEBUG Executing statement:  alter table `group`   add index fk_group_module (`module_oid`), add constraint fk_group_module foreign key (`module_oid`) references `module` (`oid`)
[17 Abr 2019 17:12:50] DEBUG Executing statement:    create table `group_module` ( `group_oid`  integer not null, `module_oid`  integer not null, primary key (`group_oid`, `module_oid`) )
[17 Abr 2019 17:12:50] DEBUG Executing statement:  alter table `group_module`   add index fk_group_module_group (`group_oid`), add constraint fk_group_module_group foreign key (`group_oid`) references `group` (`oid`)
[17 Abr 2019 17:12:50] DEBUG Executing statement:  alter table `group_module`   add index fk_group_module_module (`module_oid`), add constraint fk_group_module_module foreign key (`module_oid`) references `module` (`oid`)
[17 Abr 2019 17:12:50] DEBUG Executing statement:    alter table `user`  add column  `group_oid`  integer
[17 Abr 2019 17:12:50] DEBUG Executing statement:  alter table `user`   add index fk_user_group (`group_oid`), add constraint fk_user_group foreign key (`group_oid`) references `group` (`oid`)
[17 Abr 2019 17:12:50] DEBUG Executing statement:    create table `user_group` ( `user_oid`  varchar(255) not null, `group_oid`  integer not null, primary key (`user_oid`, `group_oid`) )
[17 Abr 2019 17:12:50] DEBUG Executing statement:  alter table `user_group`   add index fk_user_group_user (`user_oid`), add constraint fk_user_group_user foreign key (`user_oid`) references `user` (`email`)
[17 Abr 2019 17:12:50] DEBUG Executing statement:  alter table `user_group`   add index fk_user_group_group (`group_oid`), add constraint fk_user_group_group foreign key (`group_oid`) references `group` (`oid`)
[17 Abr 2019 17:12:50] DEBUG ================================================================================
[17 Abr 2019 17:12:50] DEBUG SQL SCRIPT SUCCESSFULLY EXECUTED
[17 Abr 2019 17:12:50] INFO Database connection closed
[17 Abr 2019 17:12:50] DEBUG Total time: 465 milliseconds
